# JRE version: Java(TM) SE Runtime Environment (8.0_201-b09) (build 1.8.0_201-b09)
# Java VM: Java HotSpot(TM) 64-Bit Server VM (25.201-b09 mixed mode linux-amd64 compressed oops)
Heap:
 PSYoungGen      total 131072K, used 96K [0x00000000d6e00000, 0x00000000df200000, 0x0000000100000000)
  eden space 126976K, 0% used [0x00000000d6e00000,0x00000000d6e00000,0x00000000dea00000)
  from space 4096K, 2% used [0x00000000dea00000,0x00000000dea18000,0x00000000dee00000)
  to   space 4096K, 0% used [0x00000000dee00000,0x00000000dee00000,0x00000000df200000)
 ParOldGen       total 84992K, used 2562K [0x0000000084a00000, 0x0000000089d00000, 0x00000000d6e00000)
  object space 84992K, 3% used [0x0000000084a00000,0x0000000084c80890,0x0000000089d00000)
 Metaspace       used 10285K, capacity 11066K, committed 11264K, reserved 1058816K
  class space    used 1257K, capacity 1432K, committed 1536K, reserved 1048576K
GC Heap History (10 events):
Event: 1.619 GC heap after
Heap after GC invocations=2 (full 0):
 PSYoungGen      total 36864K, used 2576K [0x00000000d6e00000, 0x00000000db600000, 0x0000000100000000)
  eden space 31744K, 0% used [0x00000000d6e00000,0x00000000d6e00000,0x00000000d8d00000)
  from space 5120K, 50% used [0x00000000d9200000,0x00000000d9484010,0x00000000d9700000)
  to   space 5120K, 0% used [0x00000000d8d00000,0x00000000d8d00000,0x00000000d9200000)
 ParOldGen       total 84992K, used 32K [0x0000000084a00000, 0x0000000089d00000, 0x00000000d6e00000)
  object space 84992K, 0% used [0x0000000084a00000,0x0000000084a08000,0x0000000089d00000)
 Metaspace       used 10254K, capacity 11066K, committed 11264K, reserved 1058816K
  class space    used 1257K, capacity 1432K, committed 1536K, reserved 1048576K
}
Event: 1.944 GC heap before
{Heap before GC invocations=3 (full 0):
 PSYoungGen      total 36864K, used 34320K [0x00000000d6e00000, 0x00000000db600000, 0x0000000100000000)
  eden space 31744K, 100% used [0x00000000d6e00000,0x00000000d8d00000,0x00000000d8d00000)
  from space 5120K, 50% used [0x00000000d9200000,0x00000000d9484010,0x00000000d9700000)
  to   space 5120K, 0% used [0x00000000d8d00000,0x00000000d8d00000,0x00000000d9200000)
 ParOldGen       total 84992K, used 32K [0x0000000084a00000, 0x0000000089d00000, 0x00000000d6e00000)
  object space 84992K, 0% used [0x0000000084a00000,0x0000000084a08000,0x0000000089d00000)
 Metaspace       used 10254K, capacity 11066K, committed 11264K, reserved 1058816K
  class space    used 1257K, capacity 1432K, committed 1536K, reserved 1048576K
Event: 1.977 GC heap after
Heap after GC invocations=3 (full 0):
 PSYoungGen      total 36864K, used 2576K [0x00000000d6e00000, 0x00000000db600000, 0x0000000100000000)
  eden space 31744K, 0% used [0x00000000d6e00000,0x00000000d6e00000,0x00000000d8d00000)
  from space 5120K, 50% used [0x00000000d8d00000,0x00000000d8f84010,0x00000000d9200000)
  to   space 5120K, 0% used [0x00000000db100000,0x00000000db100000,0x00000000db600000)
 ParOldGen       total 84992K, used 32K [0x0000000084a00000, 0x0000000089d00000, 0x00000000d6e00000)
  object space 84992K, 0% used [0x0000000084a00000,0x0000000084a08000,0x0000000089d00000)
 Metaspace       used 10254K, capacity 11066K, committed 11264K, reserved 1058816K
  class space    used 1257K, capacity 1432K, committed 1536K, reserved 1048576K
}
Event: 2.273 GC heap before
{Heap before GC invocations=4 (full 0):
 PSYoungGen      total 36864K, used 34320K [0x00000000d6e00000, 0x00000000db600000, 0x0000000100000000)
  eden space 31744K, 100% used [0x00000000d6e00000,0x00000000d8d00000,0x00000000d8d00000)
  from space 5120K, 50% used [0x00000000d8d00000,0x00000000d8f84010,0x00000000d9200000)
  to   space 5120K, 0% used [0x00000000db100000,0x00000000db100000,0x00000000db600000)
 ParOldGen       total 84992K, used 32K [0x0000000084a00000, 0x0000000089d00000, 0x00000000d6e00000)
  object space 84992K, 0% used [0x0000000084a00000,0x0000000084a08000,0x0000000089d00000)
 Metaspace       used 10254K, capacity 11066K, committed 11264K, reserved 1058816K
  class space    used 1257K, capacity 1432K, committed 1536K, reserved 1048576K
Event: 2.280 GC heap after
Heap after GC invocations=4 (full 0):
 PSYoungGen      total 68608K, used 2528K [0x00000000d6e00000, 0x00000000db600000, 0x0000000100000000)
  eden space 63488K, 0% used [0x00000000d6e00000,0x00000000d6e00000,0x00000000dac00000)
  from space 5120K, 49% used [0x00000000db100000,0x00000000db378000,0x00000000db600000)
  to   space 5120K, 0% used [0x00000000dac00000,0x00000000dac00000,0x00000000db100000)
 ParOldGen       total 84992K, used 32K [0x0000000084a00000, 0x0000000089d00000, 0x00000000d6e00000)
  object space 84992K, 0% used [0x0000000084a00000,0x0000000084a08000,0x0000000089d00000)
 Metaspace       used 10254K, capacity 11066K, committed 11264K, reserved 1058816K
  class space    used 1257K, capacity 1432K, committed 1536K, reserved 1048576K
}
Event: 3.587 GC heap before
{Heap before GC invocations=5 (full 0):
 PSYoungGen      total 68608K, used 66016K [0x00000000d6e00000, 0x00000000db600000, 0x0000000100000000)
  eden space 63488K, 100% used [0x00000000d6e00000,0x00000000dac00000,0x00000000dac00000)
  from space 5120K, 49% used [0x00000000db100000,0x00000000db378000,0x00000000db600000)
  to   space 5120K, 0% used [0x00000000dac00000,0x00000000dac00000,0x00000000db100000)
 ParOldGen       total 84992K, used 32K [0x0000000084a00000, 0x0000000089d00000, 0x00000000d6e00000)
  object space 84992K, 0% used [0x0000000084a00000,0x0000000084a08000,0x0000000089d00000)
 Metaspace       used 10285K, capacity 11066K, committed 11264K, reserved 1058816K
  class space    used 1257K, capacity 1432K, committed 1536K, reserved 1048576K
Event: 3.635 GC heap after
Heap after GC invocations=5 (full 0):
 PSYoungGen      total 68608K, used 2592K [0x00000000d6e00000, 0x00000000df200000, 0x0000000100000000)
  eden space 63488K, 0% used [0x00000000d6e00000,0x00000000d6e00000,0x00000000dac00000)
  from space 5120K, 50% used [0x00000000dac00000,0x00000000dae88020,0x00000000db100000)
  to   space 4096K, 0% used [0x00000000dee00000,0x00000000dee00000,0x00000000df200000)
 ParOldGen       total 84992K, used 40K [0x0000000084a00000, 0x0000000089d00000, 0x00000000d6e00000)
  object space 84992K, 0% used [0x0000000084a00000,0x0000000084a0a000,0x0000000089d00000)
 Metaspace       used 10285K, capacity 11066K, committed 11264K, reserved 1058816K
  class space    used 1257K, capacity 1432K, committed 1536K, reserved 1048576K
}
Event: 4.487 GC heap before
{Heap before GC invocations=6 (full 0):
 PSYoungGen      total 68608K, used 66080K [0x00000000d6e00000, 0x00000000df200000, 0x0000000100000000)
  eden space 63488K, 100% used [0x00000000d6e00000,0x00000000dac00000,0x00000000dac00000)
  from space 5120K, 50% used [0x00000000dac00000,0x00000000dae88020,0x00000000db100000)
  to   space 4096K, 0% used [0x00000000dee00000,0x00000000dee00000,0x00000000df200000)
 ParOldGen       total 84992K, used 40K [0x0000000084a00000, 0x0000000089d00000, 0x00000000d6e00000)
  object space 84992K, 0% used [0x0000000084a00000,0x0000000084a0a000,0x0000000089d00000)
 Metaspace       used 10285K, capacity 11066K, committed 11264K, reserved 1058816K
  class space    used 1257K, capacity 1432K, committed 1536K, reserved 1048576K
Event: 4.552 GC heap after
Heap after GC invocations=6 (full 0):
 PSYoungGen      total 131072K, used 2576K [0x00000000d6e00000, 0x00000000df200000, 0x0000000100000000)
  eden space 126976K, 0% used [0x00000000d6e00000,0x00000000d6e00000,0x00000000dea00000)
  from space 4096K, 62% used [0x00000000dee00000,0x00000000df084010,0x00000000df200000)
  to   space 4096K, 0% used [0x00000000dea00000,0x00000000dea00000,0x00000000dee00000)
 ParOldGen       total 84992K, used 48K [0x0000000084a00000, 0x0000000089d00000, 0x00000000d6e00000)
  object space 84992K, 0% used [0x0000000084a00000,0x0000000084a0c000,0x0000000089d00000)
 Metaspace       used 10285K, capacity 11066K, committed 11264K, reserved 1058816K
  class space    used 1257K, capacity 1432K, committed 1536K, reserved 1048576K
}
Event: 5.570 GC heap before
{Heap before GC invocations=7 (full 0):
 PSYoungGen      total 131072K, used 129552K [0x00000000d6e00000, 0x00000000df200000, 0x0000000100000000)
  eden space 126976K, 100% used [0x00000000d6e00000,0x00000000dea00000,0x00000000dea00000)
  from space 4096K, 62% used [0x00000000dee00000,0x00000000df084010,0x00000000df200000)
  to   space 4096K, 0% used [0x00000000dea00000,0x00000000dea00000,0x00000000dee00000)
 ParOldGen       total 84992K, used 48K [0x0000000084a00000, 0x0000000089d00000, 0x00000000d6e00000)
  object space 84992K, 0% used [0x0000000084a00000,0x0000000084a0c000,0x0000000089d00000)
 Metaspace       used 10285K, capacity 11066K, committed 11264K, reserved 1058816K
  class space    used 1257K, capacity 1432K, committed 1536K, reserved 1048576K

